[DEBUG] 21:36:23 Main:110 115.0
[INFO] 21:36:23 Main:114 Potter
[INFO] 21:45:25 Main:51 Some message
[ERROR] 21:45:25 Main:52 Now I should see some message
[INFO] 21:45:25 Main:90 149.99
[WARN] 21:45:25 Main:94 Large
[ERROR] 21:45:25 Main:98 Pants
[TRACE] 21:45:25 Main:102 Backpack
[FATAL] 21:45:25 Main:106 Butterfly Kisses
[DEBUG] 21:45:25 Main:110 115.0
[INFO] 21:45:25 Main:114 Potter
[INFO] 21:47:03 Main:51 Some message
[ERROR] 21:47:03 Main:52 Now I should see some message
[INFO] 21:47:03 Main:90 149.99
[WARN] 21:47:03 Main:94 Large
[ERROR] 21:47:03 Main:98 Pants
[TRACE] 21:47:03 Main:102 Backpack
[FATAL] 21:47:03 Main:106 Butterfly Kisses
[DEBUG] 21:47:03 Main:110 115.0
[INFO] 21:47:03 Main:114 Potter
[INFO] 21:00:39 Main:58 Some message
[ERROR] 21:00:39 Main:59 Now I should see some message
[INFO] 21:00:39 Main:97 149.99
[WARN] 21:00:39 Main:101 Large
[ERROR] 21:00:39 Main:105 Pants
[TRACE] 21:00:39 Main:109 Backpack
[FATAL] 21:00:39 Main:113 Butterfly Kisses
[DEBUG] 21:00:39 Main:117 115.0
