[INFO] 21:00:39 Main:121 Potter
[INFO] 21:17:50 Main:58 Some message
[ERROR] 21:17:50 Main:59 Now I should see some message
[INFO] 21:17:50 Main:97 149.99
[WARN] 21:17:50 Main:101 Large
[ERROR] 21:17:50 Main:105 Pants
[TRACE] 21:17:50 Main:109 Backpack
[FATAL] 21:17:50 Main:113 Butterfly Kisses
[DEBUG] 21:17:50 Main:117 115.0
[INFO] 21:17:50 Main:121 Potter
[INFO] 21:19:00 Main:59 Some message
[ERROR] 21:19:00 Main:60 Now I should see some message
[INFO] 21:19:00 Main:98 149.99
[WARN] 21:19:00 Main:102 Large
[ERROR] 21:19:00 Main:106 Pants
[TRACE] 21:19:00 Main:110 Backpack
[FATAL] 21:19:00 Main:114 Butterfly Kisses
[DEBUG] 21:19:00 Main:118 115.0
[INFO] 21:19:00 Main:122 Potter
[INFO] 21:19:22 Main:59 Some message
[ERROR] 21:19:22 Main:60 Now I should see some message
[INFO] 21:19:23 Main:98 149.99
[WARN] 21:19:23 Main:102 Large
[ERROR] 21:19:23 Main:106 Pants
[TRACE] 21:19:23 Main:110 Backpack
[FATAL] 21:19:23 Main:114 Butterfly Kisses
[DEBUG] 21:19:23 Main:118 115.0
[INFO] 21:19:23 Main:122 Potter
